<?xml version="1.0" encoding="UTF-8"?>
<coverage generated="1526918318491" clover="3.2.0">
  <project timestamp="1526918318491" name="All files">
    <metrics statements="18" coveredstatements="18" conditionals="7" coveredconditionals="4" methods="10" coveredmethods="10" elements="35" coveredelements="32" complexity="0" loc="18" ncloc="18" packages="1" files="1" classes="1">
      <file name="01_aquarium.js" path="/Users/Damien/Workspace/camp2_exercises/06_react_redux/01_es6_fundamentals/01_aquarium/01_aquarium.js">
        <metrics statements="18" coveredstatements="18" conditionals="7" coveredconditionals="4" methods="10" coveredmethods="10"/>
        <line num="4" count="4" type="stmt"/>
        <line num="5" count="4" type="stmt"/>
        <line num="8" count="1" type="stmt"/>
        <line num="11" count="1" type="stmt"/>
        <line num="16" count="2" type="stmt"/>
        <line num="26" count="1" type="stmt"/>
        <line num="38" count="1" type="stmt"/>
        <line num="44" count="2" type="stmt"/>
        <line num="45" count="2" type="cond" truecount="2" falsecount="0"/>
        <line num="46" count="1" type="cond" truecount="1" falsecount="1"/>
        <line num="47" count="1" type="stmt"/>
        <line num="50" count="1" type="cond" truecount="1" falsecount="1"/>
        <line num="51" count="1" type="stmt"/>
        <line num="59" count="5" type="stmt"/>
        <line num="60" count="5" type="stmt"/>
        <line num="61" count="5" type="stmt"/>
        <line num="68" count="3" type="stmt"/>
        <line num="72" count="1" type="stmt"/>
      </file>
    </metrics>
  </project>
</coverage>
