{"/Users/Damien/Workspace/camp2_exercises/06_react_redux/01_es6_fundamentals/01_aquarium/01_aquarium.js": {"path":"/Users/Damien/Workspace/camp2_exercises/06_react_redux/01_es6_fundamentals/01_aquarium/01_aquarium.js","statementMap":{"0":{"start":{"line":4,"column":4},"end":{"line":4,"column":25}},"1":{"start":{"line":5,"column":4},"end":{"line":5,"column":25}},"2":{"start":{"line":8,"column":4},"end":{"line":8,"column":27}},"3":{"start":{"line":11,"column":4},"end":{"line":11,"column":28}},"4":{"start":{"line":16,"column":4},"end":{"line":16,"column":57}},"5":{"start":{"line":16,"column":32},"end":{"line":16,"column":55}},"6":{"start":{"line":26,"column":4},"end":{"line":26,"column":36}},"7":{"start":{"line":38,"column":4},"end":{"line":38,"column":36}},"8":{"start":{"line":44,"column":25},"end":{"line":44,"column":29}},"9":{"start":{"line":45,"column":4},"end":{"line":53,"column":5}},"10":{"start":{"line":46,"column":6},"end":{"line":48,"column":7}},"11":{"start":{"line":47,"column":8},"end":{"line":47,"column":26}},"12":{"start":{"line":50,"column":6},"end":{"line":52,"column":7}},"13":{"start":{"line":51,"column":8},"end":{"line":51,"column":26}},"14":{"start":{"line":59,"column":4},"end":{"line":59,"column":22}},"15":{"start":{"line":60,"column":4},"end":{"line":60,"column":19}},"16":{"start":{"line":61,"column":4},"end":{"line":61,"column":33}},"17":{"start":{"line":68,"column":4},"end":{"line":68,"column":21}},"18":{"start":{"line":72,"column":0},"end":{"line":76,"column":2}}},"fnMap":{"0":{"name":"(anonymous_0)","decl":{"start":{"line":3,"column":2},"end":{"line":3,"column":3}},"loc":{"start":{"line":3,"column":28},"end":{"line":6,"column":3}},"line":3},"1":{"name":"(anonymous_1)","decl":{"start":{"line":7,"column":2},"end":{"line":7,"column":3}},"loc":{"start":{"line":7,"column":15},"end":{"line":9,"column":3}},"line":7},"2":{"name":"(anonymous_2)","decl":{"start":{"line":10,"column":2},"end":{"line":10,"column":3}},"loc":{"start":{"line":10,"column":17},"end":{"line":12,"column":3}},"line":10},"3":{"name":"(anonymous_3)","decl":{"start":{"line":13,"column":2},"end":{"line":13,"column":3}},"loc":{"start":{"line":13,"column":11},"end":{"line":17,"column":3}},"line":13},"4":{"name":"(anonymous_4)","decl":{"start":{"line":16,"column":24},"end":{"line":16,"column":25}},"loc":{"start":{"line":16,"column":32},"end":{"line":16,"column":55}},"line":16},"5":{"name":"(anonymous_5)","decl":{"start":{"line":25,"column":2},"end":{"line":25,"column":3}},"loc":{"start":{"line":25,"column":23},"end":{"line":27,"column":3}},"line":25},"6":{"name":"(anonymous_6)","decl":{"start":{"line":37,"column":2},"end":{"line":37,"column":3}},"loc":{"start":{"line":37,"column":25},"end":{"line":39,"column":3}},"line":37},"7":{"name":"(anonymous_7)","decl":{"start":{"line":43,"column":2},"end":{"line":43,"column":3}},"loc":{"start":{"line":43,"column":21},"end":{"line":54,"column":3}},"line":43},"8":{"name":"(anonymous_8)","decl":{"start":{"line":58,"column":2},"end":{"line":58,"column":3}},"loc":{"start":{"line":58,"column":39},"end":{"line":63,"column":3}},"line":58},"9":{"name":"(anonymous_9)","decl":{"start":{"line":67,"column":2},"end":{"line":67,"column":3}},"loc":{"start":{"line":67,"column":19},"end":{"line":69,"column":3}},"line":67}},"branchMap":{"0":{"loc":{"start":{"line":45,"column":4},"end":{"line":53,"column":5}},"type":"if","locations":[{"start":{"line":45,"column":4},"end":{"line":53,"column":5}},{"start":{"line":45,"column":4},"end":{"line":53,"column":5}}],"line":45},"1":{"loc":{"start":{"line":46,"column":6},"end":{"line":48,"column":7}},"type":"if","locations":[{"start":{"line":46,"column":6},"end":{"line":48,"column":7}},{"start":{"line":46,"column":6},"end":{"line":48,"column":7}}],"line":46},"2":{"loc":{"start":{"line":50,"column":6},"end":{"line":52,"column":7}},"type":"if","locations":[{"start":{"line":50,"column":6},"end":{"line":52,"column":7}},{"start":{"line":50,"column":6},"end":{"line":52,"column":7}}],"line":50},"3":{"loc":{"start":{"line":58,"column":24},"end":{"line":58,"column":38}},"type":"default-arg","locations":[{"start":{"line":58,"column":37},"end":{"line":58,"column":38}}],"line":58}},"s":{"0":4,"1":4,"2":1,"3":1,"4":1,"5":2,"6":1,"7":1,"8":2,"9":2,"10":1,"11":1,"12":1,"13":1,"14":5,"15":5,"16":5,"17":3,"18":1},"f":{"0":4,"1":1,"2":1,"3":1,"4":2,"5":1,"6":1,"7":2,"8":5,"9":3},"b":{"0":[1,1],"1":[1,0],"2":[1,0],"3":[0]},"_coverageSchema":"332fd63041d2c1bcb487cc26dd0d5f7d97098a6c","hash":"b9d7549e123a73184d7095faf84bc360444690c9"}
}
