TN:
SF:/Users/Damien/Workspace/camp2_exercises/06_react_redux/01_es6_fundamentals/01_aquarium/01_aquarium.js
FN:3,(anonymous_0)
FN:7,(anonymous_1)
FN:10,(anonymous_2)
FN:13,(anonymous_3)
FN:16,(anonymous_4)
FN:25,(anonymous_5)
FN:37,(anonymous_6)
FN:43,(anonymous_7)
FN:58,(anonymous_8)
FN:67,(anonymous_9)
FNF:10
FNH:10
FNDA:4,(anonymous_0)
FNDA:1,(anonymous_1)
FNDA:1,(anonymous_2)
FNDA:1,(anonymous_3)
FNDA:2,(anonymous_4)
FNDA:1,(anonymous_5)
FNDA:1,(anonymous_6)
FNDA:2,(anonymous_7)
FNDA:5,(anonymous_8)
FNDA:3,(anonymous_9)
DA:4,4
DA:5,4
DA:8,1
DA:11,1
DA:16,2
DA:26,1
DA:38,1
DA:44,2
DA:45,2
DA:46,1
DA:47,1
DA:50,1
DA:51,1
DA:59,5
DA:60,5
DA:61,5
DA:68,3
DA:72,1
LF:18
LH:18
BRDA:45,0,0,1
BRDA:45,0,1,1
BRDA:46,1,0,1
BRDA:46,1,1,0
BRDA:50,2,0,1
BRDA:50,2,1,0
BRDA:58,3,0,0
BRF:7
BRH:4
end_of_record
